number,value,datetime_start,datetime_complete,duration,params_batch_size,params_dropout,params_hidden_dim,params_lr,params_n_rnn_layers,state
162,0.15453340113162994,2025-05-15 16:02:38.088809,2025-05-15 16:04:24.393249,0 days 00:01:46.304440,16.0,0.1,80.0,0.001,3.0,COMPLETE
163,0.14773444831371307,2025-05-15 16:04:24.488935,2025-05-15 16:07:07.688090,0 days 00:02:43.199155,16.0,0.3,160.0,0.001,1.0,COMPLETE
164,0.14773444831371307,2025-05-15 16:07:07.729884,2025-05-15 16:09:32.757320,0 days 00:02:25.027436,16.0,0.3,160.0,0.001,1.0,COMPLETE
165,0.14773444831371307,2025-05-15 16:09:32.789424,2025-05-15 16:11:43.398501,0 days 00:02:10.609077,16.0,0.3,160.0,0.001,1.0,COMPLETE
