number,value,datetime_start,datetime_complete,duration,params_batch_size,params_dropout,params_hidden_dim,params_lr,params_n_rnn_layers,state
0,1.0689706802368164,2025-05-15 09:57:52.473739,2025-05-15 09:59:15.293886,0 days 00:01:22.820147,256.0,0.3,240.0,0.01,4.0,COMPLETE
1,0.15973305702209473,2025-05-15 09:59:15.388418,2025-05-15 10:00:47.758178,0 days 00:01:32.369760,256.0,0.1,240.0,0.001,3.0,COMPLETE
2,0.3375602066516876,2025-05-15 10:00:47.819459,2025-05-15 10:02:20.998475,0 days 00:01:33.179016,16.0,0.2,20.0,0.01,2.0,COMPLETE
3,,2025-05-15 10:02:21.036853,2025-05-15 10:03:11.518751,0 days 00:00:50.481898,64.0,0.3,80.0,0.01,4.0,FAIL
4,,2025-05-15 10:03:13.868479,2025-05-15 10:03:14.397882,0 days 00:00:00.529403,,,,,,FAIL
5,,2025-05-15 10:07:37.803889,2025-05-15 10:07:38.292731,0 days 00:00:00.488842,,,,,,FAIL
6,0.15232546627521515,2025-05-15 10:08:15.683797,2025-05-15 10:14:42.908701,0 days 00:06:27.224904,32.0,0.2,240.0,0.0001,3.0,COMPLETE
7,0.15341518819332123,2025-05-15 10:14:42.984430,2025-05-15 10:18:44.155689,0 days 00:04:01.171259,32.0,0.5,20.0,0.0001,1.0,COMPLETE
8,0.1732238382101059,2025-05-15 10:18:44.204257,2025-05-15 10:20:16.889814,0 days 00:01:32.685557,256.0,0.4,120.0,0.01,2.0,COMPLETE
9,0.16760751605033875,2025-05-15 10:20:16.940313,2025-05-15 10:21:42.076469,0 days 00:01:25.136156,128.0,0.1,40.0,0.01,3.0,COMPLETE
10,0.1577998399734497,2025-05-15 10:21:42.115796,2025-05-15 10:26:06.942923,0 days 00:04:24.827127,16.0,0.1,20.0,0.001,3.0,COMPLETE
11,0.1916598379611969,2025-05-15 10:26:06.982717,2025-05-15 10:28:48.479627,0 days 00:02:41.496910,32.0,0.2,160.0,0.01,4.0,COMPLETE
12,0.1516389399766922,2025-05-15 10:28:48.523698,2025-05-15 10:30:17.753551,0 days 00:01:29.229853,64.0,0.3,20.0,0.001,1.0,COMPLETE
13,0.14892038702964783,2025-05-15 10:30:17.817004,2025-05-15 10:31:27.062154,0 days 00:01:09.245150,64.0,0.3,80.0,0.001,1.0,COMPLETE
14,0.14892038702964783,2025-05-15 10:31:27.112772,2025-05-15 10:32:31.995182,0 days 00:01:04.882410,64.0,0.3,80.0,0.001,1.0,COMPLETE
15,0.14892038702964783,2025-05-15 10:32:32.037548,2025-05-15 10:33:37.652349,0 days 00:01:05.614801,64.0,0.3,80.0,0.001,1.0,COMPLETE
16,0.14892038702964783,2025-05-15 10:33:37.697844,2025-05-15 10:34:41.464829,0 days 00:01:03.766985,64.0,0.3,80.0,0.001,1.0,COMPLETE
17,0.14892038702964783,2025-05-15 10:34:41.501572,2025-05-15 10:35:51.541426,0 days 00:01:10.039854,64.0,0.3,80.0,0.001,1.0,COMPLETE
18,0.14994166791439056,2025-05-15 10:35:51.585866,2025-05-15 10:37:52.150216,0 days 00:02:00.564350,64.0,0.5,10.0,0.001,1.0,COMPLETE
19,0.15103118121623993,2025-05-15 10:37:52.190506,2025-05-15 10:40:50.799701,0 days 00:02:58.609195,128.0,0.4,80.0,0.0001,1.0,COMPLETE
20,0.14892038702964783,2025-05-15 10:40:50.838576,2025-05-15 10:42:01.291375,0 days 00:01:10.452799,64.0,0.3,80.0,0.001,1.0,COMPLETE
21,1.06642484664917,2025-05-15 10:42:01.340544,2025-05-15 10:43:24.291704,0 days 00:01:22.951160,64.0,0.3,40.0,0.001,4.0,COMPLETE
22,0.17038525640964508,2025-05-15 10:43:24.329014,2025-05-15 10:46:06.205922,0 days 00:02:41.876908,64.0,0.3,10.0,0.001,2.0,COMPLETE
23,0.15138974785804749,2025-05-15 10:46:06.249825,2025-05-15 10:48:28.236338,0 days 00:02:21.986513,128.0,0.4,120.0,0.0001,1.0,COMPLETE
24,0.14892038702964783,2025-05-15 10:48:28.276122,2025-05-15 10:49:34.926344,0 days 00:01:06.650222,64.0,0.3,80.0,0.001,1.0,COMPLETE
25,0.14892038702964783,2025-05-15 10:49:34.965189,2025-05-15 10:50:41.040544,0 days 00:01:06.075355,64.0,0.3,80.0,0.001,1.0,COMPLETE
26,0.14892038702964783,2025-05-15 10:50:41.083472,2025-05-15 10:51:47.840593,0 days 00:01:06.757121,64.0,0.3,80.0,0.001,1.0,COMPLETE
27,0.14892038702964783,2025-05-15 10:51:47.881575,2025-05-15 10:52:55.272287,0 days 00:01:07.390712,64.0,0.5,80.0,0.001,1.0,COMPLETE
28,0.14773444831371307,2025-05-15 10:52:55.311070,2025-05-15 10:55:51.710040,0 days 00:02:56.398970,16.0,0.3,160.0,0.001,1.0,COMPLETE
29,0.14773444831371307,2025-05-15 10:55:51.756472,2025-05-15 10:58:45.483955,0 days 00:02:53.727483,16.0,0.3,160.0,0.001,1.0,COMPLETE
30,0.1630779504776001,2025-05-15 10:58:45.524307,2025-05-15 11:04:18.746548,0 days 00:05:33.222241,16.0,0.3,160.0,0.001,4.0,COMPLETE
31,0.15212103724479675,2025-05-15 11:04:18.781801,2025-05-15 11:08:44.195099,0 days 00:04:25.413298,16.0,0.3,160.0,0.0001,2.0,COMPLETE
32,0.1630779504776001,2025-05-15 11:08:44.241598,2025-05-15 11:14:51.598304,0 days 00:06:07.356706,16.0,0.3,160.0,0.001,4.0,COMPLETE
33,0.15223988890647888,2025-05-15 11:14:51.661591,2025-05-15 11:17:08.546692,0 days 00:02:16.885101,16.0,0.2,160.0,0.01,1.0,COMPLETE
34,0.14773444831371307,2025-05-15 11:17:08.586976,2025-05-15 11:20:10.328250,0 days 00:03:01.741274,16.0,0.3,160.0,0.001,1.0,COMPLETE
35,0.14773444831371307,2025-05-15 11:20:10.371722,2025-05-15 11:23:13.697226,0 days 00:03:03.325504,16.0,0.3,160.0,0.001,1.0,COMPLETE
36,0.14773444831371307,2025-05-15 11:23:13.739076,2025-05-15 11:26:22.934559,0 days 00:03:09.195483,16.0,0.1,160.0,0.001,1.0,COMPLETE
37,0.16202309727668762,2025-05-15 11:26:22.977959,2025-05-15 11:31:16.717051,0 days 00:04:53.739092,16.0,0.3,160.0,0.001,3.0,COMPLETE
38,0.14773444831371307,2025-05-15 11:31:16.756893,2025-05-15 11:34:23.439564,0 days 00:03:06.682671,16.0,0.5,160.0,0.001,1.0,COMPLETE
39,0.1580188125371933,2025-05-15 11:34:23.489779,2025-05-15 11:36:17.017708,0 days 00:01:53.527929,256.0,0.4,160.0,0.001,2.0,COMPLETE
40,0.15037818253040314,2025-05-15 11:36:17.065229,2025-05-15 11:38:21.283665,0 days 00:02:04.218436,16.0,0.2,240.0,0.01,1.0,COMPLETE
41,0.14958728849887848,2025-05-15 11:38:21.324050,2025-05-15 11:43:20.764977,0 days 00:04:59.440927,16.0,0.1,160.0,0.0001,3.0,COMPLETE
42,0.14773444831371307,2025-05-15 11:43:20.803761,2025-05-15 11:46:03.297901,0 days 00:02:42.494140,16.0,0.3,160.0,0.001,1.0,COMPLETE
43,0.1635933369398117,2025-05-15 11:46:03.346372,2025-05-15 11:48:09.624072,0 days 00:02:06.277700,32.0,0.3,240.0,0.01,2.0,COMPLETE
44,0.14773444831371307,2025-05-15 11:48:09.678797,2025-05-15 11:51:02.531301,0 days 00:02:52.852504,16.0,0.1,160.0,0.001,1.0,COMPLETE
45,0.14773444831371307,2025-05-15 11:51:02.587125,2025-05-15 11:54:09.688214,0 days 00:03:07.101089,16.0,0.1,160.0,0.001,1.0,COMPLETE
46,0.14773444831371307,2025-05-15 11:54:09.731693,2025-05-15 11:56:33.017475,0 days 00:02:23.285782,16.0,0.1,160.0,0.001,1.0,COMPLETE
47,0.15168774127960205,2025-05-15 11:56:33.048574,2025-05-15 11:57:25.709663,0 days 00:00:52.661089,256.0,0.1,120.0,0.001,1.0,COMPLETE
48,0.15480667352676392,2025-05-15 11:57:25.743777,2025-05-15 11:59:30.777236,0 days 00:02:05.033459,16.0,0.1,40.0,0.001,3.0,COMPLETE
49,0.15081405639648438,2025-05-15 11:59:30.808278,2025-05-15 12:00:45.850786,0 days 00:01:15.042508,16.0,0.2,20.0,0.001,1.0,COMPLETE
50,0.14910580217838287,2025-05-15 12:00:45.883871,2025-05-15 12:01:55.985568,0 days 00:01:10.101697,32.0,0.3,160.0,0.001,1.0,COMPLETE
51,1.0555845499038696,2025-05-15 12:01:56.027360,2025-05-15 12:06:20.578161,0 days 00:04:24.550801,16.0,0.5,160.0,0.01,4.0,COMPLETE
52,0.15243086218833923,2025-05-15 12:06:20.606133,2025-05-15 12:09:38.609087,0 days 00:03:18.002954,16.0,0.3,10.0,0.0001,1.0,COMPLETE
53,0.149085134267807,2025-05-15 12:09:38.638602,2025-05-15 12:10:56.710458,0 days 00:01:18.071856,128.0,0.4,160.0,0.001,1.0,COMPLETE
54,0.14773444831371307,2025-05-15 12:10:56.742569,2025-05-15 12:12:58.457254,0 days 00:02:01.714685,16.0,0.5,160.0,0.001,1.0,COMPLETE
55,0.14773444831371307,2025-05-15 12:12:58.488796,2025-05-15 12:15:00.872394,0 days 00:02:02.383598,16.0,0.5,160.0,0.001,1.0,COMPLETE
56,0.14773444831371307,2025-05-15 12:15:00.910610,2025-05-15 12:17:03.009356,0 days 00:02:02.098746,16.0,0.5,160.0,0.001,1.0,COMPLETE
57,0.14773444831371307,2025-05-15 12:17:03.043421,2025-05-15 12:19:14.438921,0 days 00:02:11.395500,16.0,0.5,160.0,0.001,1.0,COMPLETE
58,0.1519288867712021,2025-05-15 12:19:14.473580,2025-05-15 12:20:21.550417,0 days 00:01:07.076837,256.0,0.3,40.0,0.001,1.0,COMPLETE
59,0.15081405639648438,2025-05-15 12:20:21.586587,2025-05-15 12:21:42.126510,0 days 00:01:20.539923,16.0,0.3,20.0,0.001,1.0,COMPLETE
60,0.150259867310524,2025-05-15 12:21:42.160113,2025-05-15 12:22:42.787052,0 days 00:01:00.626939,16.0,0.1,120.0,0.001,1.0,COMPLETE
61,0.16752804815769196,2025-05-15 12:22:42.817658,2025-05-15 12:24:41.068489,0 days 00:01:58.250831,32.0,0.5,160.0,0.001,3.0,COMPLETE
62,0.14918306469917297,2025-05-15 12:24:41.099028,2025-05-15 12:26:01.984028,0 days 00:01:20.885000,128.0,0.3,240.0,0.001,1.0,COMPLETE
63,0.15654464066028595,2025-05-15 12:26:02.018173,2025-05-15 12:33:35.113991,0 days 00:07:33.095818,16.0,0.3,160.0,0.0001,4.0,COMPLETE
64,0.14773444831371307,2025-05-15 12:33:35.141444,2025-05-15 12:35:38.478962,0 days 00:02:03.337518,16.0,0.3,160.0,0.001,1.0,COMPLETE
65,0.14773444831371307,2025-05-15 12:35:38.510029,2025-05-15 12:37:44.715584,0 days 00:02:06.205555,16.0,0.3,160.0,0.001,1.0,COMPLETE
66,0.1495385468006134,2025-05-15 12:37:44.747185,2025-05-15 12:39:43.402000,0 days 00:01:58.654815,16.0,0.3,10.0,0.001,1.0,COMPLETE
67,0.14773444831371307,2025-05-15 12:39:43.433544,2025-05-15 12:41:59.729114,0 days 00:02:16.295570,16.0,0.3,160.0,0.001,1.0,COMPLETE
68,0.14773444831371307,2025-05-15 12:41:59.769406,2025-05-15 12:44:20.745190,0 days 00:02:20.975784,16.0,0.3,160.0,0.001,1.0,COMPLETE
69,0.15706446766853333,2025-05-15 12:44:20.777804,2025-05-15 12:46:23.581273,0 days 00:02:02.803469,16.0,0.4,160.0,0.001,2.0,COMPLETE
70,0.15223988890647888,2025-05-15 12:46:23.616399,2025-05-15 12:48:01.918227,0 days 00:01:38.301828,16.0,0.2,160.0,0.01,1.0,COMPLETE
71,0.14984694123268127,2025-05-15 12:48:01.952820,2025-05-15 12:49:48.808585,0 days 00:01:46.855765,256.0,0.3,160.0,0.001,1.0,COMPLETE
72,0.15081405639648438,2025-05-15 12:49:48.861644,2025-05-15 12:51:38.376654,0 days 00:01:49.515010,16.0,0.3,20.0,0.001,1.0,COMPLETE
73,0.1499551683664322,2025-05-15 12:51:38.420449,2025-05-15 12:52:42.989651,0 days 00:01:04.569202,128.0,0.1,40.0,0.001,1.0,COMPLETE
74,0.14773444831371307,2025-05-15 12:52:43.041662,2025-05-15 12:55:17.776969,0 days 00:02:34.735307,16.0,0.1,160.0,0.001,1.0,COMPLETE
75,0.14773444831371307,2025-05-15 12:55:17.808058,2025-05-15 12:57:56.481909,0 days 00:02:38.673851,16.0,0.1,160.0,0.001,1.0,COMPLETE
76,0.14773444831371307,2025-05-15 12:57:56.520624,2025-05-15 13:00:40.312798,0 days 00:02:43.792174,16.0,0.1,160.0,0.001,1.0,COMPLETE
77,0.14773444831371307,2025-05-15 13:00:40.344385,2025-05-15 13:03:19.733715,0 days 00:02:39.389330,16.0,0.1,160.0,0.001,1.0,COMPLETE
78,0.14773444831371307,2025-05-15 13:03:19.767364,2025-05-15 13:05:55.909643,0 days 00:02:36.142279,16.0,0.3,160.0,0.001,1.0,COMPLETE
79,0.1526031643152237,2025-05-15 13:05:55.945892,2025-05-15 13:07:17.966804,0 days 00:01:22.020912,32.0,0.1,120.0,0.001,2.0,COMPLETE
80,0.15559044480323792,2025-05-15 13:07:18.003584,2025-05-15 13:14:36.872783,0 days 00:07:18.869199,16.0,0.5,240.0,0.0001,3.0,COMPLETE
81,0.1630779504776001,2025-05-15 13:14:36.907965,2025-05-15 13:21:11.807219,0 days 00:06:34.899254,16.0,0.3,160.0,0.001,4.0,COMPLETE
82,0.15215231478214264,2025-05-15 13:21:11.839899,2025-05-15 13:22:58.738370,0 days 00:01:46.898471,16.0,0.2,10.0,0.01,1.0,COMPLETE
83,0.14773444831371307,2025-05-15 13:22:58.770243,2025-05-15 13:24:40.176486,0 days 00:01:41.406243,16.0,0.4,160.0,0.001,1.0,COMPLETE
84,0.14773444831371307,2025-05-15 13:24:40.213916,2025-05-15 13:26:16.849335,0 days 00:01:36.635419,16.0,0.1,160.0,0.001,1.0,COMPLETE
85,0.14773444831371307,2025-05-15 13:26:16.878364,2025-05-15 13:27:56.682113,0 days 00:01:39.803749,16.0,0.1,160.0,0.001,1.0,COMPLETE
86,0.14773444831371307,2025-05-15 13:27:56.712901,2025-05-15 13:29:37.362778,0 days 00:01:40.649877,16.0,0.1,160.0,0.001,1.0,COMPLETE
87,0.14773444831371307,2025-05-15 13:29:37.392155,2025-05-15 13:31:18.885613,0 days 00:01:41.493458,16.0,0.1,160.0,0.001,1.0,COMPLETE
88,0.14773444831371307,2025-05-15 13:31:18.914649,2025-05-15 13:33:01.767609,0 days 00:01:42.852960,16.0,0.1,160.0,0.001,1.0,COMPLETE
89,0.14984694123268127,2025-05-15 13:33:01.797637,2025-05-15 13:34:26.024831,0 days 00:01:24.227194,256.0,0.3,160.0,0.001,1.0,COMPLETE
90,0.14773444831371307,2025-05-15 13:34:26.054131,2025-05-15 13:36:08.013428,0 days 00:01:41.959297,16.0,0.5,160.0,0.001,1.0,COMPLETE
91,0.14773444831371307,2025-05-15 13:36:08.042463,2025-05-15 13:37:46.147973,0 days 00:01:38.105510,16.0,0.3,160.0,0.001,1.0,COMPLETE
92,1.0892589092254639,2025-05-15 13:37:46.177482,2025-05-15 13:39:18.764273,0 days 00:01:32.586791,128.0,0.1,40.0,0.0001,3.0,COMPLETE
93,0.15046975016593933,2025-05-15 13:39:18.798095,2025-05-15 13:40:31.561409,0 days 00:01:12.763314,32.0,0.3,20.0,0.001,1.0,COMPLETE
94,0.14773444831371307,2025-05-15 13:40:31.591960,2025-05-15 13:42:16.925667,0 days 00:01:45.333707,16.0,0.1,160.0,0.001,1.0,COMPLETE
95,0.14773444831371307,2025-05-15 13:42:16.962275,2025-05-15 13:44:02.817400,0 days 00:01:45.855125,16.0,0.1,160.0,0.001,1.0,COMPLETE
96,0.14773444831371307,2025-05-15 13:44:02.853521,2025-05-15 13:45:46.788347,0 days 00:01:43.934826,16.0,0.1,160.0,0.001,1.0,COMPLETE
97,0.150259867310524,2025-05-15 13:45:46.818688,2025-05-15 13:46:50.063383,0 days 00:01:03.244695,16.0,0.1,120.0,0.001,1.0,COMPLETE
98,0.1678289771080017,2025-05-15 13:46:50.093855,2025-05-15 13:50:25.129479,0 days 00:03:35.035624,16.0,0.5,160.0,0.001,4.0,COMPLETE
99,0.16372522711753845,2025-05-15 13:50:25.162427,2025-05-15 13:53:40.542150,0 days 00:03:15.379723,16.0,0.3,160.0,0.01,2.0,COMPLETE
100,0.14985021948814392,2025-05-15 13:53:40.574537,2025-05-15 13:55:30.281298,0 days 00:01:49.706761,16.0,0.3,240.0,0.001,1.0,COMPLETE
101,0.14773444831371307,2025-05-15 13:55:30.313827,2025-05-15 13:57:21.682128,0 days 00:01:51.368301,16.0,0.1,160.0,0.001,1.0,COMPLETE
102,0.1495385468006134,2025-05-15 13:57:21.711224,2025-05-15 13:59:16.013194,0 days 00:01:54.301970,16.0,0.2,10.0,0.001,1.0,COMPLETE
103,0.14892038702964783,2025-05-15 13:59:16.046515,2025-05-15 14:00:04.323539,0 days 00:00:48.277024,64.0,0.4,80.0,0.001,1.0,COMPLETE
104,0.14773444831371307,2025-05-15 14:00:04.356380,2025-05-15 14:02:02.716387,0 days 00:01:58.360007,16.0,0.5,160.0,0.001,1.0,COMPLETE
105,0.14773444831371307,2025-05-15 14:02:02.749231,2025-05-15 14:04:04.251254,0 days 00:02:01.502023,16.0,0.5,160.0,0.001,1.0,COMPLETE
106,0.14773444831371307,2025-05-15 14:04:04.290372,2025-05-15 14:06:05.008606,0 days 00:02:00.718234,16.0,0.5,160.0,0.001,1.0,COMPLETE
107,0.14773444831371307,2025-05-15 14:06:05.039879,2025-05-15 14:07:59.492876,0 days 00:01:54.452997,16.0,0.5,160.0,0.001,1.0,COMPLETE
108,0.14984694123268127,2025-05-15 14:07:59.526072,2025-05-15 14:09:30.894332,0 days 00:01:31.368260,256.0,0.3,160.0,0.001,1.0,COMPLETE
109,0.14773444831371307,2025-05-15 14:09:30.935916,2025-05-15 14:11:35.771463,0 days 00:02:04.835547,16.0,0.5,160.0,0.001,1.0,COMPLETE
110,0.14773444831371307,2025-05-15 14:11:35.805180,2025-05-15 14:13:24.243985,0 days 00:01:48.438805,16.0,0.3,160.0,0.001,1.0,COMPLETE
111,0.1495586782693863,2025-05-15 14:13:24.275297,2025-05-15 14:15:39.306974,0 days 00:02:15.031677,16.0,0.1,160.0,0.0001,1.0,COMPLETE
112,0.149085134267807,2025-05-15 14:15:39.338137,2025-05-15 14:16:52.069200,0 days 00:01:12.731063,128.0,0.3,160.0,0.001,1.0,COMPLETE
113,0.16966523230075836,2025-05-15 14:16:52.099240,2025-05-15 14:19:29.939182,0 days 00:02:37.839942,16.0,0.5,160.0,0.001,3.0,COMPLETE
114,0.14773444831371307,2025-05-15 14:19:29.977562,2025-05-15 14:21:29.140957,0 days 00:01:59.163395,16.0,0.5,160.0,0.001,1.0,COMPLETE
115,0.14773444831371307,2025-05-15 14:21:29.178224,2025-05-15 14:23:28.277836,0 days 00:01:59.099612,16.0,0.5,160.0,0.001,1.0,COMPLETE
116,0.14773444831371307,2025-05-15 14:23:28.309635,2025-05-15 14:25:25.821986,0 days 00:01:57.512351,16.0,0.5,160.0,0.001,1.0,COMPLETE
117,0.14773444831371307,2025-05-15 14:25:25.855550,2025-05-15 14:27:24.629647,0 days 00:01:58.774097,16.0,0.5,160.0,0.001,1.0,COMPLETE
118,1.0789018869400024,2025-05-15 14:27:24.664782,2025-05-15 14:28:25.427108,0 days 00:01:00.762326,32.0,0.1,20.0,0.001,4.0,COMPLETE
119,0.15249237418174744,2025-05-15 14:28:25.457685,2025-05-15 14:29:34.064314,0 days 00:01:08.606629,16.0,0.3,40.0,0.01,1.0,COMPLETE
120,0.14773444831371307,2025-05-15 14:29:34.100902,2025-05-15 14:31:29.212348,0 days 00:01:55.111446,16.0,0.3,160.0,0.001,1.0,COMPLETE
121,0.15183432400226593,2025-05-15 14:31:29.243199,2025-05-15 14:32:44.988446,0 days 00:01:15.745247,16.0,0.1,120.0,0.001,2.0,COMPLETE
122,0.14773444831371307,2025-05-15 14:32:45.017994,2025-05-15 14:34:35.237392,0 days 00:01:50.219398,16.0,0.5,160.0,0.001,1.0,COMPLETE
123,0.14773444831371307,2025-05-15 14:34:35.270254,2025-05-15 14:36:24.329016,0 days 00:01:49.058762,16.0,0.3,160.0,0.001,1.0,COMPLETE
124,0.14773444831371307,2025-05-15 14:36:24.367491,2025-05-15 14:38:12.865107,0 days 00:01:48.497616,16.0,0.5,160.0,0.001,1.0,COMPLETE
125,0.14773444831371307,2025-05-15 14:38:12.894064,2025-05-15 14:39:58.714853,0 days 00:01:45.820789,16.0,0.5,160.0,0.001,1.0,COMPLETE
126,0.14773444831371307,2025-05-15 14:39:58.746408,2025-05-15 14:41:46.803268,0 days 00:01:48.056860,16.0,0.5,160.0,0.001,1.0,COMPLETE
127,0.14773444831371307,2025-05-15 14:41:46.835291,2025-05-15 14:43:37.130154,0 days 00:01:50.294863,16.0,0.5,160.0,0.001,1.0,COMPLETE
128,0.14773444831371307,2025-05-15 14:43:37.166138,2025-05-15 14:45:37.441998,0 days 00:02:00.275860,16.0,0.1,160.0,0.001,1.0,COMPLETE
129,0.14866691827774048,2025-05-15 14:45:37.481339,2025-05-15 14:46:35.176637,0 days 00:00:57.695298,64.0,0.2,240.0,0.001,1.0,COMPLETE
130,0.15032783150672913,2025-05-15 14:46:35.211624,2025-05-15 14:48:02.576240,0 days 00:01:27.364616,16.0,0.4,80.0,0.001,1.0,COMPLETE
131,0.17600202560424805,2025-05-15 14:48:02.611996,2025-05-15 14:52:27.946672,0 days 00:04:25.334676,256.0,0.3,10.0,0.0001,1.0,COMPLETE
132,0.14773444831371307,2025-05-15 14:52:27.988327,2025-05-15 14:54:57.707882,0 days 00:02:29.719555,16.0,0.1,160.0,0.001,1.0,COMPLETE
133,0.14773444831371307,2025-05-15 14:54:57.740082,2025-05-15 14:57:24.343078,0 days 00:02:26.602996,16.0,0.5,160.0,0.001,1.0,COMPLETE
134,0.14773444831371307,2025-05-15 14:57:24.377934,2025-05-15 14:59:37.222314,0 days 00:02:12.844380,16.0,0.5,160.0,0.001,1.0,COMPLETE
135,0.14773444831371307,2025-05-15 14:59:37.260331,2025-05-15 15:01:53.370863,0 days 00:02:16.110532,16.0,0.5,160.0,0.001,1.0,COMPLETE
136,0.14773444831371307,2025-05-15 15:01:53.409873,2025-05-15 15:04:08.824180,0 days 00:02:15.414307,16.0,0.5,160.0,0.001,1.0,COMPLETE
137,0.14773444831371307,2025-05-15 15:04:08.862986,2025-05-15 15:06:21.025455,0 days 00:02:12.162469,16.0,0.5,160.0,0.001,1.0,COMPLETE
138,0.16202309727668762,2025-05-15 15:06:21.059550,2025-05-15 15:10:09.370583,0 days 00:03:48.311033,16.0,0.3,160.0,0.001,3.0,COMPLETE
139,0.149085134267807,2025-05-15 15:10:09.412014,2025-05-15 15:11:52.844178,0 days 00:01:43.432164,128.0,0.1,160.0,0.001,1.0,COMPLETE
140,0.15223988890647888,2025-05-15 15:11:52.880903,2025-05-15 15:14:06.228138,0 days 00:02:13.347235,16.0,0.3,160.0,0.01,1.0,COMPLETE
141,0.16771672666072845,2025-05-15 15:14:06.272537,2025-05-15 15:17:06.069043,0 days 00:02:59.796506,32.0,0.5,160.0,0.001,4.0,COMPLETE
142,0.1527329832315445,2025-05-15 15:17:06.111995,2025-05-15 15:19:37.450891,0 days 00:02:31.338896,16.0,0.1,160.0,0.001,2.0,COMPLETE
143,0.14861419796943665,2025-05-15 15:19:37.491211,2025-05-15 15:21:28.934330,0 days 00:01:51.443119,16.0,0.3,40.0,0.001,1.0,COMPLETE
144,0.14773444831371307,2025-05-15 15:21:28.972171,2025-05-15 15:24:27.592780,0 days 00:02:58.620609,16.0,0.3,160.0,0.001,1.0,COMPLETE
145,0.14773444831371307,2025-05-15 15:24:27.631597,2025-05-15 15:27:26.857417,0 days 00:02:59.225820,16.0,0.3,160.0,0.001,1.0,COMPLETE
146,0.14773444831371307,2025-05-15 15:27:26.898935,2025-05-15 15:30:21.257281,0 days 00:02:54.358346,16.0,0.3,160.0,0.001,1.0,COMPLETE
147,0.15081405639648438,2025-05-15 15:30:21.295050,2025-05-15 15:32:10.708424,0 days 00:01:49.413374,16.0,0.3,20.0,0.001,1.0,COMPLETE
148,0.14773444831371307,2025-05-15 15:32:10.749303,2025-05-15 15:34:44.145971,0 days 00:02:33.396668,16.0,0.5,160.0,0.001,1.0,COMPLETE
149,0.14773444831371307,2025-05-15 15:34:44.192962,2025-05-15 15:37:27.329813,0 days 00:02:43.136851,16.0,0.3,160.0,0.001,1.0,COMPLETE
150,0.150259867310524,2025-05-15 15:37:27.367564,2025-05-15 15:38:46.295524,0 days 00:01:18.927960,16.0,0.1,120.0,0.001,1.0,COMPLETE
151,0.14773444831371307,2025-05-15 15:38:46.329676,2025-05-15 15:41:17.226507,0 days 00:02:30.896831,16.0,0.2,160.0,0.001,1.0,COMPLETE
152,0.14773444831371307,2025-05-15 15:41:17.262246,2025-05-15 15:43:43.925730,0 days 00:02:26.663484,16.0,0.3,160.0,0.001,1.0,COMPLETE
153,0.1507081687450409,2025-05-15 15:43:43.960361,2025-05-15 15:45:33.989988,0 days 00:01:50.029627,64.0,0.5,160.0,0.0001,1.0,COMPLETE
154,0.14773444831371307,2025-05-15 15:45:34.023130,2025-05-15 15:47:58.932438,0 days 00:02:24.909308,16.0,0.3,160.0,0.001,1.0,COMPLETE
155,0.14773444831371307,2025-05-15 15:47:58.966109,2025-05-15 15:50:24.819572,0 days 00:02:25.853463,16.0,0.3,160.0,0.001,1.0,COMPLETE
156,0.14773444831371307,2025-05-15 15:50:24.857852,2025-05-15 15:52:39.335664,0 days 00:02:14.477812,16.0,0.3,160.0,0.001,1.0,COMPLETE
157,0.14773444831371307,2025-05-15 15:52:39.398338,2025-05-15 15:55:08.099821,0 days 00:02:28.701483,16.0,0.3,160.0,0.001,1.0,COMPLETE
158,0.14773444831371307,2025-05-15 15:55:08.143179,2025-05-15 15:57:16.949997,0 days 00:02:08.806818,16.0,0.4,160.0,0.001,1.0,COMPLETE
159,0.15012335777282715,2025-05-15 15:57:16.982592,2025-05-15 15:58:29.424522,0 days 00:01:12.441930,256.0,0.1,240.0,0.001,1.0,COMPLETE
160,0.1495385468006134,2025-05-15 15:58:29.465270,2025-05-15 16:00:27.222642,0 days 00:01:57.757372,16.0,0.3,10.0,0.001,1.0,COMPLETE
161,0.14773444831371307,2025-05-15 16:00:27.256273,2025-05-15 16:02:38.055604,0 days 00:02:10.799331,16.0,0.5,160.0,0.001,1.0,COMPLETE
